    OpenRGB v0.9
    Commit:  from 
    Launched: 20240525_195059
====================================================================================================

1001  |Info:    Saving detector settings
1002  |Info:    ------------------------------------------------------
1002  |Info:    |               Start device detection               |
1002  |Info:    ------------------------------------------------------
1002  |Info:    Initializing HID interfaces: Success
1010  |Info:    ------------------------------------------------------
1010  |Info:    |             Detecting I2C interfaces               |
1010  |Info:    ------------------------------------------------------
1010  |Info:    Registering I2C interface: /dev/i2c-3 Device 1022:790B Subsystem: 1043:8877
1010  |Info:    Registering I2C interface: /dev/i2c-1 Device 1022:790B Subsystem: 1043:8877
1010  |Info:    Registering I2C interface: /dev/i2c-8 Device 0000:0000 Subsystem: 0000:0000
1010  |Warning: [i2c_smbus_linux] Failed to read i2c device PCI device ID
1011  |Info:    Registering I2C interface: /dev/i2c-6 Device 0000:0000 Subsystem: 0000:0000
1011  |Info:    Registering I2C interface: /dev/i2c-4 Device 1002:164E Subsystem: 1043:8877
1011  |Info:    Registering I2C interface: /dev/i2c-2 Device 1022:790B Subsystem: 1043:8877
1011  |Info:    Registering I2C interface: /dev/i2c-0 Device 0000:0000 Subsystem: 0000:0000
1011  |Info:    Registering I2C interface: /dev/i2c-9 Device 0000:0000 Subsystem: 0000:0000
1011  |Info:    Registering I2C interface: /dev/i2c-7 Device 0000:0000 Subsystem: 0000:0000
1011  |Info:    Registering I2C interface: /dev/i2c-5 Device 1002:164E Subsystem: 1043:8877
1011  |Info:    ------------------------------------------------------
1011  |Info:    |               Detecting I2C devices                |
1011  |Info:    ------------------------------------------------------
2071  |Info:    ------------------------------------------------------
2071  |Info:    |               Detecting I2C PCI devices            |
2071  |Info:    ------------------------------------------------------
2071  |Info:    ------------------------------------------------------
2071  |Info:    |               Detecting HID devices                |
2071  |Info:    ------------------------------------------------------
3190  |Info:    [G502 LIGHTSPEED Wireless Gaming Mouse] Registering RGB controller
3283  |Info:    [ASUS TUF GAMING X670E-PLUS WIFI] Registering RGB controller
3283  |Info:    ------------------------------------------------------
3283  |Info:    |            Detecting libusb HID devices            |
3283  |Info:    ------------------------------------------------------
3525  |Info:    ------------------------------------------------------
3525  |Info:    |              Detecting other devices               |
3525  |Info:    ------------------------------------------------------
3533  |Info:    ------------------------------------------------------
3533  |Info:    |                Detection completed                 |
3533  |Info:    ------------------------------------------------------
131775|Info:    ------------------------------------------------------
131775|Info:    |               Start device detection               |
131775|Info:    ------------------------------------------------------
131775|Info:    Initializing HID interfaces: Success
131784|Info:    ------------------------------------------------------
131784|Info:    |             Detecting I2C interfaces               |
131784|Info:    ------------------------------------------------------
131784|Info:    Registering I2C interface: /dev/i2c-3 Device 1022:790B Subsystem: 1043:8877
131784|Info:    Registering I2C interface: /dev/i2c-1 Device 1022:790B Subsystem: 1043:8877
131784|Info:    Registering I2C interface: /dev/i2c-8 Device 0000:0000 Subsystem: 0000:0000
131784|Warning: [i2c_smbus_linux] Failed to read i2c device PCI device ID
131784|Info:    Registering I2C interface: /dev/i2c-6 Device 0000:0000 Subsystem: 0000:0000
131784|Info:    Registering I2C interface: /dev/i2c-4 Device 1002:164E Subsystem: 1043:8877
131784|Info:    Registering I2C interface: /dev/i2c-2 Device 1022:790B Subsystem: 1043:8877
131784|Info:    Registering I2C interface: /dev/i2c-0 Device 0000:0000 Subsystem: 0000:0000
131784|Info:    Registering I2C interface: /dev/i2c-9 Device 0000:0000 Subsystem: 0000:0000
131784|Info:    Registering I2C interface: /dev/i2c-7 Device 0000:0000 Subsystem: 0000:0000
131784|Info:    Registering I2C interface: /dev/i2c-5 Device 1002:164E Subsystem: 1043:8877
131784|Info:    ------------------------------------------------------
131784|Info:    |               Detecting I2C devices                |
131784|Info:    ------------------------------------------------------
132851|Info:    ------------------------------------------------------
132851|Info:    |               Detecting I2C PCI devices            |
132851|Info:    ------------------------------------------------------
132852|Info:    ------------------------------------------------------
132852|Info:    |               Detecting HID devices                |
132852|Info:    ------------------------------------------------------
135212|Info:    [G502 LIGHTSPEED Wireless Gaming Mouse] Registering RGB controller
135303|Info:    [ASUS TUF GAMING X670E-PLUS WIFI] Registering RGB controller
135303|Info:    ------------------------------------------------------
135303|Info:    |            Detecting libusb HID devices            |
135303|Info:    ------------------------------------------------------
135566|Info:    ------------------------------------------------------
135566|Info:    |              Detecting other devices               |
135566|Info:    ------------------------------------------------------
135567|Info:    [Elgato KeyLight] Registering RGB controller
135567|Info:    ------------------------------------------------------
135567|Info:    |                Detection completed                 |
135567|Info:    ------------------------------------------------------
